{"/Users/kicaronaldokello/Desktop/practice react/src/actions/LoginAction.js": {"path":"/Users/kicaronaldokello/Desktop/practice react/src/actions/LoginAction.js","statementMap":{"0":{"start":{"line":3,"column":21},"end":{"line":19,"column":1}},"1":{"start":{"line":3,"column":34},"end":{"line":19,"column":1}},"2":{"start":{"line":4,"column":2},"end":{"line":18,"column":27}},"3":{"start":{"line":11,"column":17},"end":{"line":11,"column":27}},"4":{"start":{"line":13,"column":6},"end":{"line":16,"column":9}},"5":{"start":{"line":18,"column":20},"end":{"line":18,"column":25}}},"fnMap":{"0":{"name":"(anonymous_0)","decl":{"start":{"line":3,"column":21},"end":{"line":3,"column":22}},"loc":{"start":{"line":3,"column":34},"end":{"line":19,"column":1}},"line":3},"1":{"name":"(anonymous_1)","decl":{"start":{"line":3,"column":34},"end":{"line":3,"column":35}},"loc":{"start":{"line":3,"column":46},"end":{"line":19,"column":1}},"line":3},"2":{"name":"(anonymous_2)","decl":{"start":{"line":11,"column":10},"end":{"line":11,"column":11}},"loc":{"start":{"line":11,"column":17},"end":{"line":11,"column":27}},"line":11},"3":{"name":"(anonymous_3)","decl":{"start":{"line":12,"column":10},"end":{"line":12,"column":11}},"loc":{"start":{"line":12,"column":18},"end":{"line":17,"column":5}},"line":12},"4":{"name":"(anonymous_4)","decl":{"start":{"line":18,"column":11},"end":{"line":18,"column":12}},"loc":{"start":{"line":18,"column":20},"end":{"line":18,"column":25}},"line":18}},"branchMap":{},"s":{"0":2,"1":1,"2":1,"3":1,"4":1,"5":0},"f":{"0":1,"1":1,"2":1,"3":1,"4":0},"b":{},"_coverageSchema":"43e27e138ebf9cfc5966b082cf9a028302ed4184","hash":"c482d95ad4e075ee153a75ecc61dc2c077988d8d"}
,"/Users/kicaronaldokello/Desktop/practice react/src/actions/SignUpAction.js": {"path":"/Users/kicaronaldokello/Desktop/practice react/src/actions/SignUpAction.js","statementMap":{"0":{"start":{"line":3,"column":22},"end":{"line":19,"column":1}},"1":{"start":{"line":3,"column":36},"end":{"line":19,"column":1}},"2":{"start":{"line":4,"column":2},"end":{"line":18,"column":27}},"3":{"start":{"line":11,"column":17},"end":{"line":11,"column":27}},"4":{"start":{"line":13,"column":6},"end":{"line":16,"column":9}},"5":{"start":{"line":18,"column":20},"end":{"line":18,"column":25}}},"fnMap":{"0":{"name":"(anonymous_0)","decl":{"start":{"line":3,"column":22},"end":{"line":3,"column":23}},"loc":{"start":{"line":3,"column":36},"end":{"line":19,"column":1}},"line":3},"1":{"name":"(anonymous_1)","decl":{"start":{"line":3,"column":36},"end":{"line":3,"column":37}},"loc":{"start":{"line":3,"column":48},"end":{"line":19,"column":1}},"line":3},"2":{"name":"(anonymous_2)","decl":{"start":{"line":11,"column":10},"end":{"line":11,"column":11}},"loc":{"start":{"line":11,"column":17},"end":{"line":11,"column":27}},"line":11},"3":{"name":"(anonymous_3)","decl":{"start":{"line":12,"column":10},"end":{"line":12,"column":11}},"loc":{"start":{"line":12,"column":18},"end":{"line":17,"column":5}},"line":12},"4":{"name":"(anonymous_4)","decl":{"start":{"line":18,"column":11},"end":{"line":18,"column":12}},"loc":{"start":{"line":18,"column":20},"end":{"line":18,"column":25}},"line":18}},"branchMap":{},"s":{"0":2,"1":1,"2":1,"3":1,"4":1,"5":0},"f":{"0":1,"1":1,"2":1,"3":1,"4":0},"b":{},"_coverageSchema":"43e27e138ebf9cfc5966b082cf9a028302ed4184","hash":"7be7bde23e936790ca33a29d14c6c2a305c0ff93"}
,"/Users/kicaronaldokello/Desktop/practice react/src/actions/actionTypes.js": {"path":"/Users/kicaronaldokello/Desktop/practice react/src/actions/actionTypes.js","statementMap":{"0":{"start":{"line":1,"column":20},"end":{"line":5,"column":1}}},"fnMap":{},"branchMap":{},"s":{"0":6},"f":{},"b":{},"_coverageSchema":"43e27e138ebf9cfc5966b082cf9a028302ed4184","hash":"29a3a1d10ac63fef1c71ce9eb2eaa1f5204db180"}
,"/Users/kicaronaldokello/Desktop/practice react/src/components/SignUpForm.jsx": {"path":"/Users/kicaronaldokello/Desktop/practice react/src/components/SignUpForm.jsx","statementMap":{"0":{"start":{"line":14,"column":19},"end":{"line":95,"column":1}},"1":{"start":{"line":15,"column":2},"end":{"line":94,"column":4}},"2":{"start":{"line":96,"column":0},"end":{"line":100,"column":2}}},"fnMap":{"0":{"name":"(anonymous_0)","decl":{"start":{"line":14,"column":19},"end":{"line":14,"column":20}},"loc":{"start":{"line":14,"column":55},"end":{"line":95,"column":1}},"line":14}},"branchMap":{},"s":{"0":2,"1":1,"2":2},"f":{"0":1},"b":{},"_coverageSchema":"43e27e138ebf9cfc5966b082cf9a028302ed4184","hash":"2846cf37b84cf120e58020a82337f8b59a0f7e73"}
,"/Users/kicaronaldokello/Desktop/practice react/src/components/LoginForm/LoginForm.jsx": {"path":"/Users/kicaronaldokello/Desktop/practice react/src/components/LoginForm/LoginForm.jsx","statementMap":{"0":{"start":{"line":15,"column":18},"end":{"line":66,"column":1}},"1":{"start":{"line":16,"column":2},"end":{"line":65,"column":4}},"2":{"start":{"line":67,"column":0},"end":{"line":71,"column":2}}},"fnMap":{"0":{"name":"(anonymous_0)","decl":{"start":{"line":15,"column":18},"end":{"line":15,"column":19}},"loc":{"start":{"line":15,"column":54},"end":{"line":66,"column":1}},"line":15}},"branchMap":{},"s":{"0":2,"1":1,"2":2},"f":{"0":1},"b":{},"_coverageSchema":"43e27e138ebf9cfc5966b082cf9a028302ed4184","hash":"8d3c461d01f96f31fbc19e15faf54784c782b2b4"}
,"/Users/kicaronaldokello/Desktop/practice react/src/reducers/LoginReducer.jsx": {"path":"/Users/kicaronaldokello/Desktop/practice react/src/reducers/LoginReducer.jsx","statementMap":{"0":{"start":{"line":3,"column":21},"end":{"line":5,"column":1}},"1":{"start":{"line":8,"column":2},"end":{"line":16,"column":3}},"2":{"start":{"line":10,"column":6},"end":{"line":13,"column":8}},"3":{"start":{"line":15,"column":6},"end":{"line":15,"column":19}}},"fnMap":{"0":{"name":"(anonymous_0)","decl":{"start":{"line":7,"column":15},"end":{"line":7,"column":16}},"loc":{"start":{"line":7,"column":54},"end":{"line":17,"column":1}},"line":7}},"branchMap":{"0":{"loc":{"start":{"line":7,"column":24},"end":{"line":7,"column":44}},"type":"default-arg","locations":[{"start":{"line":7,"column":32},"end":{"line":7,"column":44}}],"line":7},"1":{"loc":{"start":{"line":8,"column":2},"end":{"line":16,"column":3}},"type":"switch","locations":[{"start":{"line":9,"column":4},"end":{"line":13,"column":8}},{"start":{"line":14,"column":4},"end":{"line":15,"column":19}}],"line":8}},"s":{"0":1,"1":2,"2":1,"3":1},"f":{"0":2},"b":{"0":[1],"1":[1,1]},"_coverageSchema":"43e27e138ebf9cfc5966b082cf9a028302ed4184","hash":"2885fc9d66aacf3391fde7801ba978c7755da7c2"}
,"/Users/kicaronaldokello/Desktop/practice react/src/reducers/SignUpReducer.jsx": {"path":"/Users/kicaronaldokello/Desktop/practice react/src/reducers/SignUpReducer.jsx","statementMap":{"0":{"start":{"line":3,"column":21},"end":{"line":5,"column":1}},"1":{"start":{"line":8,"column":2},"end":{"line":16,"column":3}},"2":{"start":{"line":10,"column":6},"end":{"line":13,"column":8}},"3":{"start":{"line":15,"column":6},"end":{"line":15,"column":19}}},"fnMap":{"0":{"name":"(anonymous_0)","decl":{"start":{"line":7,"column":15},"end":{"line":7,"column":16}},"loc":{"start":{"line":7,"column":54},"end":{"line":17,"column":1}},"line":7}},"branchMap":{"0":{"loc":{"start":{"line":7,"column":24},"end":{"line":7,"column":44}},"type":"default-arg","locations":[{"start":{"line":7,"column":32},"end":{"line":7,"column":44}}],"line":7},"1":{"loc":{"start":{"line":8,"column":2},"end":{"line":16,"column":3}},"type":"switch","locations":[{"start":{"line":9,"column":4},"end":{"line":13,"column":8}},{"start":{"line":14,"column":4},"end":{"line":15,"column":19}}],"line":8}},"s":{"0":1,"1":2,"2":1,"3":1},"f":{"0":2},"b":{"0":[1],"1":[1,1]},"_coverageSchema":"43e27e138ebf9cfc5966b082cf9a028302ed4184","hash":"33cad48640a707519f895ac2b449146c47b9cc6e"}
,"/Users/kicaronaldokello/Desktop/practice react/src/reducers/index.js": {"path":"/Users/kicaronaldokello/Desktop/practice react/src/reducers/index.js","statementMap":{"0":{"start":{"line":5,"column":20},"end":{"line":8,"column":2}}},"fnMap":{},"branchMap":{},"s":{"0":0},"f":{},"b":{}}
,"/Users/kicaronaldokello/Desktop/practice react/src/views/LoginVIew/Login.jsx": {"path":"/Users/kicaronaldokello/Desktop/practice react/src/views/LoginVIew/Login.jsx","statementMap":{"0":{"start":{"line":21,"column":4},"end":{"line":21,"column":17}},"1":{"start":{"line":22,"column":4},"end":{"line":27,"column":6}},"2":{"start":{"line":31,"column":22},"end":{"line":31,"column":42}},"3":{"start":{"line":32,"column":4},"end":{"line":39,"column":5}},"4":{"start":{"line":33,"column":6},"end":{"line":33,"column":60}},"5":{"start":{"line":34,"column":6},"end":{"line":34,"column":46}},"6":{"start":{"line":36,"column":31},"end":{"line":36,"column":51}},"7":{"start":{"line":37,"column":6},"end":{"line":37,"column":57}},"8":{"start":{"line":38,"column":6},"end":{"line":38,"column":56}},"9":{"start":{"line":43,"column":4},"end":{"line":43,"column":63}},"10":{"start":{"line":47,"column":4},"end":{"line":47,"column":27}},"11":{"start":{"line":48,"column":32},"end":{"line":48,"column":42}},"12":{"start":{"line":49,"column":22},"end":{"line":49,"column":32}},"13":{"start":{"line":50,"column":4},"end":{"line":50,"column":27}},"14":{"start":{"line":51,"column":22},"end":{"line":54,"column":5}},"15":{"start":{"line":55,"column":4},"end":{"line":55,"column":21}},"16":{"start":{"line":58,"column":4},"end":{"line":58,"column":50}},"17":{"start":{"line":62,"column":23},"end":{"line":62,"column":33}},"18":{"start":{"line":63,"column":4},"end":{"line":91,"column":6}},"19":{"start":{"line":94,"column":0},"end":{"line":97,"column":2}},"20":{"start":{"line":98,"column":0},"end":{"line":101,"column":2}},"21":{"start":{"line":103,"column":31},"end":{"line":105,"column":2}},"22":{"start":{"line":103,"column":41},"end":{"line":105,"column":1}}},"fnMap":{"0":{"name":"(anonymous_0)","decl":{"start":{"line":20,"column":2},"end":{"line":20,"column":3}},"loc":{"start":{"line":20,"column":21},"end":{"line":28,"column":3}},"line":20},"1":{"name":"(anonymous_1)","decl":{"start":{"line":30,"column":2},"end":{"line":30,"column":3}},"loc":{"start":{"line":30,"column":39},"end":{"line":40,"column":3}},"line":30},"2":{"name":"(anonymous_2)","decl":{"start":{"line":42,"column":17},"end":{"line":42,"column":18}},"loc":{"start":{"line":42,"column":26},"end":{"line":44,"column":3}},"line":42},"3":{"name":"(anonymous_3)","decl":{"start":{"line":46,"column":17},"end":{"line":46,"column":18}},"loc":{"start":{"line":46,"column":26},"end":{"line":56,"column":3}},"line":46},"4":{"name":"(anonymous_4)","decl":{"start":{"line":57,"column":19},"end":{"line":57,"column":20}},"loc":{"start":{"line":57,"column":25},"end":{"line":59,"column":3}},"line":57},"5":{"name":"(anonymous_5)","decl":{"start":{"line":61,"column":2},"end":{"line":61,"column":3}},"loc":{"start":{"line":61,"column":11},"end":{"line":92,"column":3}},"line":61},"6":{"name":"(anonymous_6)","decl":{"start":{"line":100,"column":9},"end":{"line":100,"column":10}},"loc":{"start":{"line":100,"column":15},"end":{"line":100,"column":17}},"line":100},"7":{"name":"(anonymous_7)","decl":{"start":{"line":103,"column":31},"end":{"line":103,"column":32}},"loc":{"start":{"line":103,"column":41},"end":{"line":105,"column":1}},"line":103}},"branchMap":{"0":{"loc":{"start":{"line":32,"column":4},"end":{"line":39,"column":5}},"type":"if","locations":[{"start":{"line":32,"column":4},"end":{"line":39,"column":5}},{"start":{"line":32,"column":4},"end":{"line":39,"column":5}}],"line":32}},"s":{"0":6,"1":6,"2":2,"3":2,"4":1,"5":1,"6":1,"7":1,"8":1,"9":1,"10":1,"11":1,"12":1,"13":1,"14":1,"15":1,"16":1,"17":12,"18":12,"19":1,"20":1,"21":1,"22":0},"f":{"0":6,"1":2,"2":1,"3":1,"4":1,"5":12,"6":0,"7":0},"b":{"0":[1,1]},"_coverageSchema":"43e27e138ebf9cfc5966b082cf9a028302ed4184","hash":"6ead75e52b67959d62ad5ec3b3b2083f2e5b9e61"}
,"/Users/kicaronaldokello/Desktop/practice react/src/views/SignUp/SignUp.jsx": {"path":"/Users/kicaronaldokello/Desktop/practice react/src/views/SignUp/SignUp.jsx","statementMap":{"0":{"start":{"line":25,"column":4},"end":{"line":25,"column":17}},"1":{"start":{"line":26,"column":4},"end":{"line":33,"column":6}},"2":{"start":{"line":37,"column":4},"end":{"line":37,"column":63}},"3":{"start":{"line":40,"column":4},"end":{"line":40,"column":27}},"4":{"start":{"line":41,"column":48},"end":{"line":41,"column":58}},"5":{"start":{"line":42,"column":23},"end":{"line":42,"column":33}},"6":{"start":{"line":43,"column":4},"end":{"line":43,"column":27}},"7":{"start":{"line":44,"column":23},"end":{"line":49,"column":5}},"8":{"start":{"line":50,"column":4},"end":{"line":50,"column":23}},"9":{"start":{"line":53,"column":22},"end":{"line":53,"column":42}},"10":{"start":{"line":54,"column":4},"end":{"line":61,"column":5}},"11":{"start":{"line":55,"column":6},"end":{"line":55,"column":60}},"12":{"start":{"line":56,"column":6},"end":{"line":56,"column":46}},"13":{"start":{"line":58,"column":31},"end":{"line":58,"column":51}},"14":{"start":{"line":59,"column":6},"end":{"line":59,"column":57}},"15":{"start":{"line":60,"column":6},"end":{"line":60,"column":56}},"16":{"start":{"line":65,"column":4},"end":{"line":65,"column":50}},"17":{"start":{"line":68,"column":4},"end":{"line":113,"column":6}},"18":{"start":{"line":117,"column":0},"end":{"line":120,"column":2}},"19":{"start":{"line":122,"column":0},"end":{"line":125,"column":2}},"20":{"start":{"line":127,"column":31},"end":{"line":131,"column":1}},"21":{"start":{"line":128,"column":2},"end":{"line":130,"column":4}}},"fnMap":{"0":{"name":"(anonymous_0)","decl":{"start":{"line":24,"column":2},"end":{"line":24,"column":3}},"loc":{"start":{"line":24,"column":21},"end":{"line":34,"column":3}},"line":24},"1":{"name":"(anonymous_1)","decl":{"start":{"line":36,"column":17},"end":{"line":36,"column":18}},"loc":{"start":{"line":36,"column":26},"end":{"line":38,"column":3}},"line":36},"2":{"name":"(anonymous_2)","decl":{"start":{"line":39,"column":17},"end":{"line":39,"column":18}},"loc":{"start":{"line":39,"column":26},"end":{"line":51,"column":3}},"line":39},"3":{"name":"(anonymous_3)","decl":{"start":{"line":52,"column":2},"end":{"line":52,"column":3}},"loc":{"start":{"line":52,"column":39},"end":{"line":62,"column":3}},"line":52},"4":{"name":"(anonymous_4)","decl":{"start":{"line":64,"column":19},"end":{"line":64,"column":20}},"loc":{"start":{"line":64,"column":25},"end":{"line":66,"column":3}},"line":64},"5":{"name":"(anonymous_5)","decl":{"start":{"line":67,"column":2},"end":{"line":67,"column":3}},"loc":{"start":{"line":67,"column":11},"end":{"line":114,"column":3}},"line":67},"6":{"name":"(anonymous_6)","decl":{"start":{"line":124,"column":10},"end":{"line":124,"column":11}},"loc":{"start":{"line":124,"column":16},"end":{"line":124,"column":18}},"line":124},"7":{"name":"(anonymous_7)","decl":{"start":{"line":127,"column":31},"end":{"line":127,"column":32}},"loc":{"start":{"line":127,"column":40},"end":{"line":131,"column":1}},"line":127}},"branchMap":{"0":{"loc":{"start":{"line":54,"column":4},"end":{"line":61,"column":5}},"type":"if","locations":[{"start":{"line":54,"column":4},"end":{"line":61,"column":5}},{"start":{"line":54,"column":4},"end":{"line":61,"column":5}}],"line":54}},"s":{"0":6,"1":6,"2":1,"3":1,"4":1,"5":1,"6":1,"7":1,"8":1,"9":2,"10":2,"11":1,"12":1,"13":1,"14":1,"15":1,"16":1,"17":12,"18":1,"19":1,"20":1,"21":0},"f":{"0":6,"1":1,"2":1,"3":2,"4":1,"5":12,"6":0,"7":0},"b":{"0":[1,1]},"_coverageSchema":"43e27e138ebf9cfc5966b082cf9a028302ed4184","hash":"12a44804bded23ba4d7f653e87fbcf0c8b5a1313"}
}
