TN:
SF:/Users/kicaronaldokello/Desktop/practice react/src/actions/LoginAction.js
FN:3,(anonymous_0)
FN:3,(anonymous_1)
FN:11,(anonymous_2)
FN:12,(anonymous_3)
FN:18,(anonymous_4)
FNF:5
FNH:4
FNDA:1,(anonymous_0)
FNDA:1,(anonymous_1)
FNDA:1,(anonymous_2)
FNDA:1,(anonymous_3)
FNDA:0,(anonymous_4)
DA:3,2
DA:4,1
DA:11,1
DA:13,1
DA:18,0
LF:5
LH:4
BRF:0
BRH:0
end_of_record
TN:
SF:/Users/kicaronaldokello/Desktop/practice react/src/actions/SignUpAction.js
FN:3,(anonymous_0)
FN:3,(anonymous_1)
FN:11,(anonymous_2)
FN:12,(anonymous_3)
FN:18,(anonymous_4)
FNF:5
FNH:4
FNDA:1,(anonymous_0)
FNDA:1,(anonymous_1)
FNDA:1,(anonymous_2)
FNDA:1,(anonymous_3)
FNDA:0,(anonymous_4)
DA:3,2
DA:4,1
DA:11,1
DA:13,1
DA:18,0
LF:5
LH:4
BRF:0
BRH:0
end_of_record
TN:
SF:/Users/kicaronaldokello/Desktop/practice react/src/actions/actionTypes.js
FNF:0
FNH:0
DA:1,6
LF:1
LH:1
BRF:0
BRH:0
end_of_record
TN:
SF:/Users/kicaronaldokello/Desktop/practice react/src/components/SignUpForm.jsx
FN:14,(anonymous_0)
FNF:1
FNH:1
FNDA:1,(anonymous_0)
DA:14,2
DA:15,1
DA:96,2
LF:3
LH:3
BRF:0
BRH:0
end_of_record
TN:
SF:/Users/kicaronaldokello/Desktop/practice react/src/components/LoginForm/LoginForm.jsx
FN:15,(anonymous_0)
FNF:1
FNH:1
FNDA:1,(anonymous_0)
DA:15,2
DA:16,1
DA:67,2
LF:3
LH:3
BRF:0
BRH:0
end_of_record
TN:
SF:/Users/kicaronaldokello/Desktop/practice react/src/reducers/LoginReducer.jsx
FN:7,(anonymous_0)
FNF:1
FNH:1
FNDA:2,(anonymous_0)
DA:3,1
DA:8,2
DA:10,1
DA:15,1
LF:4
LH:4
BRDA:7,0,0,1
BRDA:8,1,0,1
BRDA:8,1,1,1
BRF:3
BRH:3
end_of_record
TN:
SF:/Users/kicaronaldokello/Desktop/practice react/src/reducers/SignUpReducer.jsx
FN:7,(anonymous_0)
FNF:1
FNH:1
FNDA:2,(anonymous_0)
DA:3,1
DA:8,2
DA:10,1
DA:15,1
LF:4
LH:4
BRDA:7,0,0,1
BRDA:8,1,0,1
BRDA:8,1,1,1
BRF:3
BRH:3
end_of_record
TN:
SF:/Users/kicaronaldokello/Desktop/practice react/src/reducers/index.js
FNF:0
FNH:0
DA:5,0
LF:1
LH:0
BRF:0
BRH:0
end_of_record
TN:
SF:/Users/kicaronaldokello/Desktop/practice react/src/views/LoginVIew/Login.jsx
FN:20,(anonymous_0)
FN:30,(anonymous_1)
FN:42,(anonymous_2)
FN:46,(anonymous_3)
FN:57,(anonymous_4)
FN:61,(anonymous_5)
FN:100,(anonymous_6)
FN:103,(anonymous_7)
FNF:8
FNH:6
FNDA:6,(anonymous_0)
FNDA:2,(anonymous_1)
FNDA:1,(anonymous_2)
FNDA:1,(anonymous_3)
FNDA:1,(anonymous_4)
FNDA:12,(anonymous_5)
FNDA:0,(anonymous_6)
FNDA:0,(anonymous_7)
DA:21,6
DA:22,6
DA:31,2
DA:32,2
DA:33,1
DA:34,1
DA:36,1
DA:37,1
DA:38,1
DA:43,1
DA:47,1
DA:48,1
DA:49,1
DA:50,1
DA:51,1
DA:55,1
DA:58,1
DA:62,12
DA:63,12
DA:94,1
DA:98,1
DA:103,1
LF:22
LH:22
BRDA:32,0,0,1
BRDA:32,0,1,1
BRF:2
BRH:2
end_of_record
TN:
SF:/Users/kicaronaldokello/Desktop/practice react/src/views/SignUp/SignUp.jsx
FN:24,(anonymous_0)
FN:36,(anonymous_1)
FN:39,(anonymous_2)
FN:52,(anonymous_3)
FN:64,(anonymous_4)
FN:67,(anonymous_5)
FN:124,(anonymous_6)
FN:127,(anonymous_7)
FNF:8
FNH:6
FNDA:6,(anonymous_0)
FNDA:1,(anonymous_1)
FNDA:1,(anonymous_2)
FNDA:2,(anonymous_3)
FNDA:1,(anonymous_4)
FNDA:12,(anonymous_5)
FNDA:0,(anonymous_6)
FNDA:0,(anonymous_7)
DA:25,6
DA:26,6
DA:37,1
DA:40,1
DA:41,1
DA:42,1
DA:43,1
DA:44,1
DA:50,1
DA:53,2
DA:54,2
DA:55,1
DA:56,1
DA:58,1
DA:59,1
DA:60,1
DA:65,1
DA:68,12
DA:117,1
DA:122,1
DA:127,1
DA:128,0
LF:22
LH:21
BRDA:54,0,0,1
BRDA:54,0,1,1
BRF:2
BRH:2
end_of_record
